======================================================================
OpenClaw 四策略投資分析系統 - 2026-03-02
策略分區：技術面 | 基本面 | 混合策略 | 特定主題
======================================================================
從台灣證交所載入休市日數據...
  休市日: 2026-01-01 - 中華民國開國紀念日
  休市日: 2026-02-12 - 市場無交易，僅辦理結算交割作業
  休市日: 2026-02-13 - 市場無交易，僅辦理結算交割作業
  休市日: 2026-02-15 - 農曆除夕及春節
  休市日: 2026-02-16 - 農曆除夕及春節
  休市日: 2026-02-17 - 農曆除夕及春節
  休市日: 2026-02-18 - 農曆除夕及春節
  休市日: 2026-02-19 - 農曆除夕及春節
  休市日: 2026-02-20 - 農曆除夕及春節
  休市日: 2026-02-27 - 和平紀念日
  休市日: 2026-02-28 - 和平紀念日
  休市日: 2026-04-03 - 兒童節及民族掃墓節
  休市日: 2026-04-04 - 兒童節及民族掃墓節
  休市日: 2026-04-05 - 兒童節及民族掃墓節
  休市日: 2026-04-06 - 兒童節及民族掃墓節
  休市日: 2026-05-01 - 勞動節
  休市日: 2026-06-19 - 端午節
  休市日: 2026-09-25 - 中秋節
  休市日: 2026-09-28 - 孔子誕辰紀念日/ 教師節
  休市日: 2026-10-09 - 國慶日
  休市日: 2026-10-10 - 國慶日
  休市日: 2026-10-25 - 臺灣光復暨金門古寧頭大捷紀念日
  休市日: 2026-10-26 - 臺灣光復暨金門古寧頭大捷紀念日
  休市日: 2026-12-25 - 行憲紀念日
✅ 成功載入 24 個休市日

❌ 今日非台灣股市交易日
系統將跳過今日分析。
四策略投資分析執行完成 - Sat Mar 14 08:30:07 AM CST 2026
